<?xml version="1.0" encoding="UTF-8"?>
<!-- Generated by org.testng.reporters.JUnitReportReporter -->
<testsuite hostname="OPN-PCV-03.WWO.local" failures="0" tests="2" name="com.openmoney.qa.test.NewContactCreateTest" time="92.637" errors="0" timestamp="2022-10-03T14:14:39 IST" skipped="0">
  <testcase classname="com.openmoney.qa.test.NewContactCreateTest" name="newContactTest" time="56.247"/>
  <system-out/>
  <testcase classname="com.openmoney.qa.test.NewContactCreateTest" name="contactSearch" time="36.390"/>
  <system-out/>
</testsuite> <!-- com.openmoney.qa.test.NewContactCreateTest -->
